05/02/2020 23:12:51,808 ERROR L2GameClientPacket:78 - Client: [Character: Jager - Account: caius - IP: 127.0.0.1] - Failed reading: [C] 21 RequestBypassToServer ; main/util/UtilInventory
java.lang.NoClassDefFoundError: main/util/UtilInventory
	at main.engine.npc.NpcBufferScheme.onEvent(NpcBufferScheme.java:461)
	at main.EngineModsManager.lambda$onEvent$13(EngineModsManager.java:611)
	at java.base/java.util.stream.ForEachOps$ForEachOp$OfRef.accept(ForEachOps.java:183)
	at java.base/java.util.stream.ReferencePipeline$2$1.accept(ReferencePipeline.java:177)
	at java.base/java.util.concurrent.ConcurrentHashMap$ValueSpliterator.forEachRemaining(ConcurrentHashMap.java:3605)
	at java.base/java.util.stream.AbstractPipeline.copyInto(AbstractPipeline.java:484)
	at java.base/java.util.stream.AbstractPipeline.wrapAndCopyInto(AbstractPipeline.java:474)
	at java.base/java.util.stream.ForEachOps$ForEachOp.evaluateSequential(ForEachOps.java:150)
	at java.base/java.util.stream.ForEachOps$ForEachOp$OfRef.evaluateSequential(ForEachOps.java:173)
	at java.base/java.util.stream.AbstractPipeline.evaluate(AbstractPipeline.java:234)
	at java.base/java.util.stream.ReferencePipeline.forEach(ReferencePipeline.java:497)
	at main.EngineModsManager.onEvent(EngineModsManager.java:602)
	at com.l2jfrozen.gameserver.network.clientpackets.RequestBypassToServer.runImpl(RequestBypassToServer.java:199)
	at com.l2jfrozen.gameserver.network.clientpackets.L2GameClientPacket.run(L2GameClientPacket.java:67)
	at com.l2jfrozen.gameserver.network.L2GameClient.run(L2GameClient.java:1097)
	at java.base/java.util.concurrent.ThreadPoolExecutor.runWorker(ThreadPoolExecutor.java:1128)
	at java.base/java.util.concurrent.ThreadPoolExecutor$Worker.run(ThreadPoolExecutor.java:628)
	at java.base/java.lang.Thread.run(Thread.java:830)
Caused by: java.lang.ClassNotFoundException: main.util.UtilInventory
	at java.base/jdk.internal.loader.BuiltinClassLoader.loadClass(BuiltinClassLoader.java:602)
	at java.base/jdk.internal.loader.ClassLoaders$AppClassLoader.loadClass(ClassLoaders.java:178)
	at java.base/java.lang.ClassLoader.loadClass(ClassLoader.java:521)
	... 18 more
