19/10/2024 10:34:15,894  INFO Util:121 - =======================================================-[ Database ]
19/10/2024 10:34:16,060  INFO L2DatabaseFactory:24 - You are using DBMS: MariaDB
19/10/2024 10:34:16,061  INFO L2DatabaseFactory:25 - You are using JDBC Pool: HikariCP
19/10/2024 10:34:16,061  INFO Util:121 - ========================================================-[ Threads ]
19/10/2024 10:34:16,126  INFO Util:121 - ================================================-[ EngineMods Data ]
19/10/2024 10:34:16,276  INFO StringUtil:154 - ------------------------------------=[ ObjectData: Loaded players info -> 21 ]
19/10/2024 10:34:16,418  INFO StringUtil:154 - ----------------------------------------------------=[ IconData: Loaded 7838 ]
19/10/2024 10:34:16,628  INFO StringUtil:154 - -----------------------------------=[ SkillInfoData: Loaded skill info 29811 ]
19/10/2024 10:34:16,879  INFO StringUtil:154 - -----------------------------=[ SchemeBufferPredefinedData: Loaded buffs 102 ]
19/10/2024 10:34:16,879  INFO StringUtil:154 - ----------------------=[ SchemeBufferPredefinedData: Loaded warrior buffs 23 ]
19/10/2024 10:34:16,880  INFO StringUtil:154 - -------------------------=[ SchemeBufferPredefinedData: Loaded mage buffs 18 ]
19/10/2024 10:34:16,892  INFO HtmCache:62 - Cache[HTML]: Running lazy cache
19/10/2024 10:34:16,910  INFO CrestCache:112 - Cache[Crest]: 0.000MB on 1 files loaded. (Forget Time: 300s , Capacity: 50)
19/10/2024 10:34:16,922  INFO L2ScriptEngineManager:68 - Initializing Script Engine Manager
19/10/2024 10:34:17,400  INFO L2ScriptEngineManager:97 - Script Engine: jython 2.2.1 - Language: python - Language Version: 2.2.1
19/10/2024 10:34:17,450  INFO Util:121 - ==========================================================-[ World ]
19/10/2024 10:34:17,503  INFO Announcements:128 - Announcements: Loaded 1 Announcements.
19/10/2024 10:34:18,402  INFO BitSetIDFactory:42 - IDFactory: 102912 id's available.
19/10/2024 10:34:18,448  INFO StaticObjectsTable:38 - StaticObject: Loaded 30 StaticObject Templates.
19/10/2024 10:34:18,466  INFO TeleportLocationTable:66 - TeleportLocationTable: Loaded 828 Teleport Location Templates
19/10/2024 10:34:18,475  INFO TeleportLocationTable:98 - CustomTeleportLocationTable: Loaded 180 Custom Teleport Location Templates.
19/10/2024 10:34:18,541  INFO TerritoryTable:66 - TerritoryTable: Loaded 3960 territories
19/10/2024 10:34:18,595  INFO ExperienceData:79 - ExperienceData: Loaded 81 levels
19/10/2024 10:34:18,595  INFO ExperienceData:80 - ExperienceData: Max Player Level is: 80
19/10/2024 10:34:18,595  INFO ExperienceData:81 - ExperienceData: Max Pet Level is: 80
19/10/2024 10:34:18,623  INFO Util:121 - =========================================================-[ Skills ]
19/10/2024 10:34:19,096  INFO SkillTreeTable:108 - SkillTreeTable: Loaded 35875 class skills.
19/10/2024 10:34:19,117  INFO SkillTreeTable:152 - SkillTreeTable: Loaded 109 fishing skills.
19/10/2024 10:34:19,118  INFO SkillTreeTable:153 - SkillTreeTable: Loaded 8 fishing dwarven skills.
19/10/2024 10:34:19,180  INFO SkillTreeTable:192 - SkillTreeTable: Loaded 14520 enchant skills.
19/10/2024 10:34:19,191  INFO SkillTreeTable:225 - SkillTreeTable: Loaded 64 clan skills
19/10/2024 10:34:20,212  INFO SkillsEngine:102 - SkillsEngine: Loaded 29915 Skill templates from XML files.
19/10/2024 10:34:20,244  INFO SkillTreeTable:73 - SkillSpellbookTable: Loaded 334 spellbooks
19/10/2024 10:34:20,245  INFO Util:121 - ==========================================================-[ Items ]
19/10/2024 10:34:20,598  INFO ItemTable:260 - ItemTable: Loaded 1042 Armors.
19/10/2024 10:34:20,605  INFO ItemTable:267 - ItemTable: Loaded 6882 Items.
19/10/2024 10:34:20,986  INFO ItemTable:274 - ItemTable: Loaded 1344 Weapons.
19/10/2024 10:34:20,987  INFO ItemTable:613 - Highest item id used: 72618
19/10/2024 10:34:21,013  INFO ArmorSetsTable:67 - Loaded: 51 armor sets.
19/10/2024 10:34:21,051  INFO ExtractableItemsData:123 - Extractable items data: Loaded 334 extractable items!
19/10/2024 10:34:21,058  INFO SummonItemsData:93 - Summon items data: Loaded 13 summon items.
19/10/2024 10:34:21,075  INFO FishTable:107 - FishTable: Loaded 270 Fishes.
19/10/2024 10:34:21,076  INFO Util:121 - ============================================================-[ Npc ]
19/10/2024 10:34:21,107  INFO NpcWalkerRoutesTable:91 - WalkerRoutesTable: Loaded 167 Npc Walker Routes.
19/10/2024 10:34:21,296  INFO NpcTable:692 - NpcTable: Loaded 7402 NPCs templates.
19/10/2024 10:34:21,308  INFO NpcTable:688 - NpcTable: Loaded 33 Custom NPCs templates.
19/10/2024 10:34:21,375  INFO NpcTable:278 - CustomDropList : Added 1 custom droplist
19/10/2024 10:34:21,567  INFO NpcTable:412 - NpcTable: Loaded 445 Minions.
19/10/2024 10:34:21,567  INFO Util:121 - =====================================================-[ Characters ]
19/10/2024 10:34:21,614  INFO ForumsBBSManager:78 - Loaded 5 forums. Last forum id used: 5
19/10/2024 10:34:21,801  INFO ClanTable:141 - Restored 2 clans from the database.
19/10/2024 10:34:21,888  INFO CharTemplateTable:227 - CharTemplateTable: Loaded 89 Character Templates.
19/10/2024 10:34:21,910  INFO LevelUpData:78 - LevelUpData: Loaded 89 Character Level Up Templates.
19/10/2024 10:34:22,045  INFO HennaTable:160 - HennaTable: Loaded 180 Templates.
19/10/2024 10:34:22,045  INFO HennaTable:161 - HennaTable: Loaded 7092 Henna Tree.
19/10/2024 10:34:22,110  INFO NewbieGuideBuffTable:104 - NewbieGuideBuffTable: Loaded 11 templates
19/10/2024 10:34:22,111  INFO Util:121 - ========================================================-[ Geodata ]
19/10/2024 10:34:22,115  INFO GeoData:641 - Geo Engine: - Loading Geodata...
19/10/2024 10:34:31,676  INFO Util:121 - ========================================================-[ Economy ]
19/10/2024 10:34:31,910  INFO TradeController:233 - TradeController: Loaded 508 Buylists.
19/10/2024 10:34:31,910  INFO TradeController:234 - TradeController: Loaded 132 Limited Buylists.
19/10/2024 10:34:32,987  INFO L2Multisell:334 - Multisell : Loaded 129 multisell lists.
19/10/2024 10:34:32,988  INFO Util:121 - =====================================================-[ Clan Halls ]
19/10/2024 10:34:33,108  INFO ClanHallManager:89 - Loaded: 1 busy clan halls
19/10/2024 10:34:33,109  INFO ClanHallManager:90 - Loaded: 43 free clan halls
19/10/2024 10:34:33,119  INFO FortressOfResistance:129 - Fortress of Resistanse: siege will start the 10/25/24, 9:00 PM
19/10/2024 10:34:33,125  INFO DevastatedCastle:140 - Devastated Castle: siege will start the 10/21/24, 6:00 PM
19/10/2024 10:34:33,219  INFO BanditStrongholdSiege:59 - SiegeManager of Bandits Stronghold
19/10/2024 10:34:33,544  INFO AuctionManager:129 - Loaded: 37 auction(s)
19/10/2024 10:34:33,544  INFO Util:121 - ===========================================================-[ Zone ]
19/10/2024 10:34:34,704  INFO FortManager:79 - Loaded: 21 fortress
19/10/2024 10:34:35,155  INFO ZoneData:294 - ZoneData: loaded 563 zones.
19/10/2024 10:34:35,155  INFO Util:121 - ======================================================-[ Spawnlist ]
19/10/2024 10:34:35,582  INFO Siege:1139 - Siege of Dion: Sat Oct 26 20:00:00 EEST 2024
19/10/2024 10:34:35,647  INFO Siege:1139 - Siege of Oren: Sun Oct 20 16:00:00 EEST 2024
19/10/2024 10:34:36,057  INFO Siege:1139 - Siege of Gludio: Sat Oct 26 20:00:00 EEST 2024
19/10/2024 10:34:36,060  INFO Siege:1139 - Siege of Giran: Sun Oct 20 16:00:00 EEST 2024
19/10/2024 10:34:36,061  INFO Siege:1139 - Siege of Innadril: Sun Oct 20 16:00:00 EEST 2024
19/10/2024 10:34:36,062  INFO Siege:1139 - Siege of Aden: Sat Oct 26 20:00:00 EEST 2024
19/10/2024 10:34:36,118  INFO Siege:1139 - Siege of Goddard: Sun Oct 20 16:00:00 EEST 2024
19/10/2024 10:34:36,132  INFO DayNightSpawnManager:49 - DayNightSpawnManager: Day/Night handler initialised
19/10/2024 10:34:36,151  INFO Siege:1139 - Siege of Rune: Sat Oct 26 20:00:00 EEST 2024
19/10/2024 10:34:36,154  INFO Siege:1139 - Siege of Schuttgart: Sat Oct 26 20:00:00 EEST 2024
19/10/2024 10:34:36,513  INFO SpawnTable:131 - SpawnTable: Loaded 37235 NPC spawn locations. 
19/10/2024 10:34:36,527  INFO SpawnTable:200 - CustomSpawnTable: Loaded 10 Npc Spawn Locations. 
19/10/2024 10:34:36,527  INFO SpawnTable:203 - SpawnTable: Spawning completed, total number of NPCs in the world: 37245
19/10/2024 10:34:36,589  INFO RaidBossSpawnManager:104 - RaidBossSpawnManager: Loaded 183 raid bosses
19/10/2024 10:34:36,589  INFO RaidBossSpawnManager:105 - RaidBossSpawnManager: Scheduled 0 raid boss spawns
19/10/2024 10:34:36,615  INFO DayNightSpawnManager:110 - DayNightSpawnManager: Despawning 0 night creatures
19/10/2024 10:34:36,619  INFO DayNightSpawnManager:151 - DayNightSpawnManager: Spawning 232 day creatures
19/10/2024 10:34:36,620  INFO Util:121 - ===============================================-[ Dimensional Rift ]
19/10/2024 10:34:36,639  INFO DimensionalRiftManager:218 - DimensionalRiftManager: Loaded 7 room types with 56 rooms.
19/10/2024 10:34:36,639  INFO DimensionalRiftManager:220 - DimensionalRiftManager: Loaded 462 dimensional rift spawns.
19/10/2024 10:34:36,640  INFO Util:121 - ===========================================================-[ Misc ]
19/10/2024 10:34:36,700  INFO RecipeTable:111 - Loaded: 870 recipes
19/10/2024 10:34:36,707  INFO AugmentationData:71 - Initializing AugmentationData.
19/10/2024 10:34:36,795  INFO AugmentationData:92 - AugmentationData: Loaded: 52 augmentation stats.
19/10/2024 10:34:36,797  INFO MercTicketManager:42 - Initializing MercTicketManager
19/10/2024 10:34:36,818  INFO MercTicketManager:718 - Loaded: 30 Mercenary Tickets
19/10/2024 10:34:36,832  INFO PetitionManager:67 - Initializing PetitionManager
19/10/2024 10:34:36,833  INFO CursedWeaponsManager:87 - Initializing CursedWeaponsManager
19/10/2024 10:34:36,864  INFO CursedWeaponsManager:66 - Loaded: 2 cursed weapon(s).
19/10/2024 10:34:36,901  INFO ItemsAutoDestroy:39 - Initializing ItemsAutoDestroy.
19/10/2024 10:34:36,902  INFO Util:121 - ==========================================================-[ Manor ]
19/10/2024 10:34:36,920  INFO L2Manor:393 - ManorManager: Loaded 256 seeds
19/10/2024 10:34:36,921  INFO CastleManorManager:59 - Initializing CastleManorManager
19/10/2024 10:34:36,938  INFO CastleManorManager:225 - Castle Rune seed production loaded
19/10/2024 10:34:36,939  INFO CastleManorManager:260 - Castle Rune procure loaded
19/10/2024 10:34:36,940  INFO Util:121 - ========================================================-[ Castles ]
19/10/2024 10:34:36,941  INFO SiegeManager:179 - Initializing SiegeManager
19/10/2024 10:34:36,957  INFO FortSiegeManager:164 - Initializing FortSiegeManager
19/10/2024 10:34:36,974  INFO Util:121 - ===========================================================-[ Boat ]
19/10/2024 10:34:36,975  INFO BoatManager:33 - Initializing BoatManager
19/10/2024 10:34:36,990  INFO Util:121 - ==========================================================-[ Doors ]
19/10/2024 10:34:37,011  INFO DoorTable:70 - Searching clan halls doors:
19/10/2024 10:34:37,042  INFO DoorTable:97 - DoorTable: Loaded 1001 Door Templates.
19/10/2024 10:34:37,043  INFO Util:121 - ================================================-[ Four Sepulchers ]
19/10/2024 10:34:37,106  INFO GrandBossManager:328 - FourSepulchersManager: Beginning in Attack time
19/10/2024 10:34:37,107  INFO Util:121 - ====================================================-[ Seven Signs ]
19/10/2024 10:34:37,258  INFO SevenSigns:182 - SevenSigns: Currently in the Seal Validation period!
19/10/2024 10:34:37,258  INFO SevenSigns:1344 - SevenSigns: The Seal of Avarice remains unclaimed.
19/10/2024 10:34:37,259  INFO SevenSigns:1335 - SevenSigns: The Lords of Dawn have won the Seal of Gnosis.
19/10/2024 10:34:37,260  INFO SevenSigns:1344 - SevenSigns: The Seal of Strife remains unclaimed.
19/10/2024 10:34:37,260  INFO SevenSigns:193 - SevenSigns: The Lords of Dawn were victorious last week.
19/10/2024 10:34:37,263  INFO SevenSigns:222 - SevenSigns: Next period begins in 2 days, 7 hours and 25 mins.
19/10/2024 10:34:37,727  INFO SevenSignsFestival:3205 - SevenSignsFestival: Initialization bypassed due to Seal Validation in effect.
19/10/2024 10:34:37,727  INFO Util:121 - ======================================================-[ Olympiads ]
19/10/2024 10:34:37,753  INFO Olympiad:291 - Olympiad cycle: 3
19/10/2024 10:34:37,755  INFO Olympiad:295 - Olympiad period: NORMAL
19/10/2024 10:34:37,755  INFO Olympiad:304 - Olympiad end: Fri 01/11/2024 12:00:00
19/10/2024 10:34:37,755  INFO Olympiad:311 - Olympiad weekly change: Sat 19/10/2024 14:53:37
19/10/2024 10:34:37,756  INFO Olympiad:735 - Olympiad game starts: 18:00:00
19/10/2024 10:34:37,757  INFO Util:121 - =========================================================-[ Heroes ]
19/10/2024 10:34:37,763  INFO Util:121 - ==================================================-[ Access Levels ]
19/10/2024 10:34:37,829  INFO AccessLevels:89 - AccessLevels: User Access Level is 0
19/10/2024 10:34:37,830  INFO AccessLevels:90 - AccessLevels: Master Access Level is 8
19/10/2024 10:34:37,844  INFO AdminCommandAccessRights:65 - AdminCommandAccessRights: Loaded 359
19/10/2024 10:34:37,845  INFO Util:121 - =======================================================-[ Handlers ]
19/10/2024 10:34:37,863  INFO GameServer:141 - ItemHandler: Loaded 2046 handlers.
19/10/2024 10:34:37,873  INFO SkillHandler:103 - SkillHandler: Loaded 76 handlers.
19/10/2024 10:34:37,899  INFO AdminCommandHandler:156 - AdminCommandHandler: Loaded 359 handlers.
19/10/2024 10:34:37,902  INFO GameServer:56 - UserCommandHandler: Loaded 15 handlers.
19/10/2024 10:34:37,903  INFO GameServer:65 - VoicedCommandHandler: Loaded 2 handlers.
19/10/2024 10:34:37,904  INFO GameServer:408 - AutoChatHandler : Loaded 32 handlers in total.
19/10/2024 10:34:37,905  INFO GameServer:409 - AutoSpawnHandler : Loaded 129 handlers in total.
19/10/2024 10:34:37,907  INFO Util:121 - =============================================================-[ AI ]
19/10/2024 10:34:37,909  INFO QuestManager:31 - Initializing QuestManager
19/10/2024 10:34:37,946  INFO GrandBossManager:168 - GrandBossManager: Updated Queen Ant(29001) status to 0
19/10/2024 10:34:37,964  INFO GrandBossManager:168 - GrandBossManager: Updated High Priestess van Halter(29062) status to 1
19/10/2024 10:34:37,977  INFO QuestManager:103 - Replaced quest: Hot Springs with a new version
19/10/2024 10:34:37,977  INFO Util:121 - ========================================================-[ Scripts ]
19/10/2024 10:34:40,703  INFO QuestManager:103 - Replaced quest: SagasSuperclass with a new version
19/10/2024 10:34:46,962  INFO GameServer:468 - Compiled Scripts Cache is disabled.
19/10/2024 10:34:46,963  INFO Util:121 - =========================================================-[ Quests ]
19/10/2024 10:34:46,964  INFO QuestManager:69 - Loaded: 450 quests
19/10/2024 10:34:46,964  INFO Util:121 - ====================================================-[ Game Server ]
19/10/2024 10:34:46,965  INFO GameServer:506 - Maximum players allowed: 1000
19/10/2024 10:34:46,965  INFO GameServer:507 - IdFactory: Free ObjectID's remaining: 1879004903
19/10/2024 10:34:46,971  INFO Util:121 - =============================================-[ EngineMods Scripts ]
19/10/2024 10:34:47,001  INFO StringUtil:154 - -----------------------------------=[ ModsData: Loaded info StatsPlayer -> 0 ]
19/10/2024 10:34:47,035  INFO StringUtil:154 - -------------------------------------=[ ModsData: Loaded info SystemAio -> 0 ]
19/10/2024 10:34:47,049  INFO StringUtil:154 - -------------------------------------=[ ModsData: Loaded info SystemVip -> 0 ]
19/10/2024 10:34:47,060  INFO StringUtil:154 - -----------------------------------=[ ModsData: Loaded info OfflineShop -> 0 ]
19/10/2024 10:34:47,093  INFO StringUtil:154 - ------------------------------=[ ModsData: Loaded info NpcBufferScheme -> 24 ]
19/10/2024 10:34:47,107  INFO StringUtil:154 - --------------------------=[ ModsData: Loaded info NpcVoteRewardHopzone -> 0 ]
19/10/2024 10:34:47,109  INFO StringUtil:154 - --------------------------=[ ModsData: Loaded info NpcVoteRewardNetwork -> 0 ]
19/10/2024 10:34:47,126  INFO StringUtil:154 - --------------------------=[ ModsData: Loaded info NpcVoteRewardTopzone -> 0 ]
19/10/2024 10:34:47,142  INFO StringUtil:154 - ---------------------------=[ ModsData: Loaded info MemoCommunityBoard -> 87 ]
19/10/2024 10:34:47,145  INFO Util:121 - ===================================================-[ Project info ]
19/10/2024 10:34:47,145  INFO GameServer:542 - Your revision: ${l2jfrozen.revision}
19/10/2024 10:34:47,145  INFO GameServer:543 - Your build date: 04-02-2020 07:24:14 PM
19/10/2024 10:34:47,146  INFO Util:121 - ========================================================-[ OS info ]
19/10/2024 10:34:47,148  INFO GameServer:553 - Operating system: Windows 10 10.0 amd64
19/10/2024 10:34:47,148  INFO GameServer:554 - Available CPUs: 12
19/10/2024 10:34:47,150  INFO GameServer:555 - Free memory: 601 MB of 1024 MB
19/10/2024 10:34:47,150  INFO GameServer:556 - Used memory: 422 MB of 1024 MB
19/10/2024 10:34:47,150  INFO Util:121 - ======================================================-[ Java Info ]
19/10/2024 10:34:47,151  INFO GameServer:559 - JRE name: Oracle Corporation
19/10/2024 10:34:47,153  INFO GameServer:560 - JRE version: 21.0.1
19/10/2024 10:34:47,153  INFO GameServer:561 - --- Detecting Java Virtual Machine (JVM)
19/10/2024 10:34:47,154  INFO GameServer:562 - JVM implementation name: Java HotSpot(TM) 64-Bit Server VM
19/10/2024 10:34:47,154  INFO GameServer:563 - JVM installation directory: C:\Program Files\Java\jdk-21
19/10/2024 10:34:47,155  INFO Util:121 - ==========================================================-[ Login ]
19/10/2024 10:34:47,183  INFO LoginServerThread:134 - Connecting to login on 127.0.0.1:9014
19/10/2024 10:34:47,207  INFO LoginServerThread:267 - Registered on login as Server 2 : Sieghardt
19/10/2024 10:36:46,608  INFO Util:121 - =======================================================-[ Database ]
19/10/2024 10:36:46,700  INFO L2DatabaseFactory:24 - You are using DBMS: MariaDB
19/10/2024 10:36:46,701  INFO L2DatabaseFactory:25 - You are using JDBC Pool: HikariCP
19/10/2024 10:36:46,701  INFO Util:121 - ========================================================-[ Threads ]
19/10/2024 10:36:46,750  INFO Util:121 - ================================================-[ EngineMods Data ]
19/10/2024 10:36:46,809  INFO StringUtil:154 - ------------------------------------=[ ObjectData: Loaded players info -> 21 ]
19/10/2024 10:36:46,926  INFO StringUtil:154 - ----------------------------------------------------=[ IconData: Loaded 7838 ]
19/10/2024 10:36:47,187  INFO StringUtil:154 - -----------------------------------=[ SkillInfoData: Loaded skill info 29811 ]
19/10/2024 10:36:47,224  INFO StringUtil:154 - -----------------------------=[ SchemeBufferPredefinedData: Loaded buffs 102 ]
19/10/2024 10:36:47,225  INFO StringUtil:154 - ----------------------=[ SchemeBufferPredefinedData: Loaded warrior buffs 23 ]
19/10/2024 10:36:47,226  INFO StringUtil:154 - -------------------------=[ SchemeBufferPredefinedData: Loaded mage buffs 18 ]
19/10/2024 10:36:47,229  INFO HtmCache:62 - Cache[HTML]: Running lazy cache
19/10/2024 10:36:47,245  INFO CrestCache:112 - Cache[Crest]: 0.000MB on 1 files loaded. (Forget Time: 300s , Capacity: 50)
19/10/2024 10:36:47,254  INFO L2ScriptEngineManager:68 - Initializing Script Engine Manager
19/10/2024 10:36:47,524  INFO L2ScriptEngineManager:97 - Script Engine: jython 2.2.1 - Language: python - Language Version: 2.2.1
19/10/2024 10:36:47,570  INFO Util:121 - ==========================================================-[ World ]
19/10/2024 10:36:47,585  INFO Announcements:128 - Announcements: Loaded 1 Announcements.
19/10/2024 10:36:48,377  INFO BitSetIDFactory:42 - IDFactory: 102912 id's available.
19/10/2024 10:36:48,383  INFO StaticObjectsTable:38 - StaticObject: Loaded 30 StaticObject Templates.
19/10/2024 10:36:48,403  INFO TeleportLocationTable:66 - TeleportLocationTable: Loaded 828 Teleport Location Templates
19/10/2024 10:36:48,405  INFO TeleportLocationTable:98 - CustomTeleportLocationTable: Loaded 180 Custom Teleport Location Templates.
19/10/2024 10:36:48,462  INFO TerritoryTable:66 - TerritoryTable: Loaded 3960 territories
19/10/2024 10:36:48,471  INFO ExperienceData:79 - ExperienceData: Loaded 81 levels
19/10/2024 10:36:48,472  INFO ExperienceData:80 - ExperienceData: Max Player Level is: 80
19/10/2024 10:36:48,472  INFO ExperienceData:81 - ExperienceData: Max Pet Level is: 80
19/10/2024 10:36:48,480  INFO Util:121 - =========================================================-[ Skills ]
19/10/2024 10:36:48,683  INFO SkillTreeTable:108 - SkillTreeTable: Loaded 35875 class skills.
19/10/2024 10:36:48,871  INFO SkillTreeTable:152 - SkillTreeTable: Loaded 109 fishing skills.
19/10/2024 10:36:48,872  INFO SkillTreeTable:153 - SkillTreeTable: Loaded 8 fishing dwarven skills.
19/10/2024 10:36:48,931  INFO SkillTreeTable:192 - SkillTreeTable: Loaded 14520 enchant skills.
19/10/2024 10:36:48,945  INFO SkillTreeTable:225 - SkillTreeTable: Loaded 64 clan skills
19/10/2024 10:36:49,598  INFO SkillsEngine:102 - SkillsEngine: Loaded 29915 Skill templates from XML files.
19/10/2024 10:36:49,600  INFO SkillTreeTable:73 - SkillSpellbookTable: Loaded 334 spellbooks
19/10/2024 10:36:49,602  INFO Util:121 - ==========================================================-[ Items ]
19/10/2024 10:36:49,806  INFO ItemTable:260 - ItemTable: Loaded 1042 Armors.
19/10/2024 10:36:49,813  INFO ItemTable:267 - ItemTable: Loaded 6882 Items.
19/10/2024 10:36:49,925  INFO ItemTable:274 - ItemTable: Loaded 1344 Weapons.
19/10/2024 10:36:49,927  INFO ItemTable:613 - Highest item id used: 72618
19/10/2024 10:36:49,941  INFO ArmorSetsTable:67 - Loaded: 51 armor sets.
19/10/2024 10:36:49,964  INFO ExtractableItemsData:123 - Extractable items data: Loaded 334 extractable items!
19/10/2024 10:36:49,967  INFO SummonItemsData:93 - Summon items data: Loaded 13 summon items.
19/10/2024 10:36:49,970  INFO FishTable:107 - FishTable: Loaded 270 Fishes.
19/10/2024 10:36:49,970  INFO Util:121 - ============================================================-[ Npc ]
19/10/2024 10:36:49,972  INFO NpcWalkerRoutesTable:91 - WalkerRoutesTable: Loaded 167 Npc Walker Routes.
19/10/2024 10:36:50,120  INFO NpcTable:692 - NpcTable: Loaded 7402 NPCs templates.
19/10/2024 10:36:50,144  INFO NpcTable:688 - NpcTable: Loaded 33 Custom NPCs templates.
19/10/2024 10:36:50,312  INFO NpcTable:278 - CustomDropList : Added 1 custom droplist
19/10/2024 10:36:50,428  INFO NpcTable:412 - NpcTable: Loaded 445 Minions.
19/10/2024 10:36:50,429  INFO Util:121 - =====================================================-[ Characters ]
19/10/2024 10:36:50,467  INFO ForumsBBSManager:78 - Loaded 5 forums. Last forum id used: 5
19/10/2024 10:36:50,901  INFO ClanTable:141 - Restored 2 clans from the database.
19/10/2024 10:36:50,945  INFO CharTemplateTable:227 - CharTemplateTable: Loaded 89 Character Templates.
19/10/2024 10:36:50,947  INFO LevelUpData:78 - LevelUpData: Loaded 89 Character Level Up Templates.
19/10/2024 10:36:50,954  INFO HennaTable:160 - HennaTable: Loaded 180 Templates.
19/10/2024 10:36:50,955  INFO HennaTable:161 - HennaTable: Loaded 7092 Henna Tree.
19/10/2024 10:36:50,957  INFO NewbieGuideBuffTable:104 - NewbieGuideBuffTable: Loaded 11 templates
19/10/2024 10:36:50,957  INFO Util:121 - ========================================================-[ Geodata ]
19/10/2024 10:36:50,959  INFO GeoData:641 - Geo Engine: - Loading Geodata...
19/10/2024 10:36:51,401  INFO Util:121 - ========================================================-[ Economy ]
19/10/2024 10:36:51,578  INFO TradeController:233 - TradeController: Loaded 508 Buylists.
19/10/2024 10:36:51,579  INFO TradeController:234 - TradeController: Loaded 132 Limited Buylists.
19/10/2024 10:36:51,742  INFO L2Multisell:334 - Multisell : Loaded 129 multisell lists.
19/10/2024 10:36:51,742  INFO Util:121 - =====================================================-[ Clan Halls ]
19/10/2024 10:36:51,835  INFO ClanHallManager:89 - Loaded: 1 busy clan halls
19/10/2024 10:36:51,836  INFO ClanHallManager:90 - Loaded: 43 free clan halls
19/10/2024 10:36:51,839  INFO FortressOfResistance:129 - Fortress of Resistanse: siege will start the 10/25/24, 9:00 PM
19/10/2024 10:36:51,840  INFO DevastatedCastle:140 - Devastated Castle: siege will start the 10/21/24, 6:00 PM
19/10/2024 10:36:51,843  INFO BanditStrongholdSiege:59 - SiegeManager of Bandits Stronghold
19/10/2024 10:36:51,895  INFO AuctionManager:129 - Loaded: 37 auction(s)
19/10/2024 10:36:51,895  INFO Util:121 - ===========================================================-[ Zone ]
19/10/2024 10:36:52,765  INFO FortManager:79 - Loaded: 21 fortress
19/10/2024 10:36:53,228  INFO ZoneData:294 - ZoneData: loaded 563 zones.
19/10/2024 10:36:53,228  INFO Util:121 - ======================================================-[ Spawnlist ]
19/10/2024 10:36:53,548  INFO Siege:1139 - Siege of Dion: Sat Oct 26 20:00:00 EEST 2024
19/10/2024 10:36:53,617  INFO Siege:1139 - Siege of Oren: Sun Oct 20 16:00:00 EEST 2024
19/10/2024 10:36:54,035  INFO Siege:1139 - Siege of Gludio: Sat Oct 26 20:00:00 EEST 2024
19/10/2024 10:36:54,037  INFO Siege:1139 - Siege of Giran: Sun Oct 20 16:00:00 EEST 2024
19/10/2024 10:36:54,038  INFO Siege:1139 - Siege of Innadril: Sun Oct 20 16:00:00 EEST 2024
19/10/2024 10:36:54,039  INFO Siege:1139 - Siege of Aden: Sat Oct 26 20:00:00 EEST 2024
19/10/2024 10:36:54,087  INFO Siege:1139 - Siege of Goddard: Sun Oct 20 16:00:00 EEST 2024
19/10/2024 10:36:54,098  INFO DayNightSpawnManager:49 - DayNightSpawnManager: Day/Night handler initialised
19/10/2024 10:36:54,115  INFO Siege:1139 - Siege of Rune: Sat Oct 26 20:00:00 EEST 2024
19/10/2024 10:36:54,116  INFO Siege:1139 - Siege of Schuttgart: Sat Oct 26 20:00:00 EEST 2024
19/10/2024 10:36:54,330  INFO SpawnTable:131 - SpawnTable: Loaded 37235 NPC spawn locations. 
19/10/2024 10:36:54,379  INFO SpawnTable:200 - CustomSpawnTable: Loaded 10 Npc Spawn Locations. 
19/10/2024 10:36:54,380  INFO SpawnTable:203 - SpawnTable: Spawning completed, total number of NPCs in the world: 37245
19/10/2024 10:36:54,427  INFO RaidBossSpawnManager:104 - RaidBossSpawnManager: Loaded 183 raid bosses
19/10/2024 10:36:54,428  INFO RaidBossSpawnManager:105 - RaidBossSpawnManager: Scheduled 0 raid boss spawns
19/10/2024 10:36:54,452  INFO DayNightSpawnManager:110 - DayNightSpawnManager: Despawning 0 night creatures
19/10/2024 10:36:54,455  INFO DayNightSpawnManager:151 - DayNightSpawnManager: Spawning 232 day creatures
19/10/2024 10:36:54,456  INFO Util:121 - ===============================================-[ Dimensional Rift ]
19/10/2024 10:36:54,462  INFO DimensionalRiftManager:218 - DimensionalRiftManager: Loaded 7 room types with 56 rooms.
19/10/2024 10:36:54,463  INFO DimensionalRiftManager:220 - DimensionalRiftManager: Loaded 462 dimensional rift spawns.
19/10/2024 10:36:54,465  INFO Util:121 - ===========================================================-[ Misc ]
19/10/2024 10:36:54,490  INFO RecipeTable:111 - Loaded: 870 recipes
19/10/2024 10:36:54,496  INFO AugmentationData:71 - Initializing AugmentationData.
19/10/2024 10:36:54,513  INFO AugmentationData:92 - AugmentationData: Loaded: 52 augmentation stats.
19/10/2024 10:36:54,516  INFO MercTicketManager:42 - Initializing MercTicketManager
19/10/2024 10:36:54,536  INFO MercTicketManager:718 - Loaded: 30 Mercenary Tickets
19/10/2024 10:36:54,537  INFO PetitionManager:67 - Initializing PetitionManager
19/10/2024 10:36:54,538  INFO CursedWeaponsManager:87 - Initializing CursedWeaponsManager
19/10/2024 10:36:54,567  INFO CursedWeaponsManager:66 - Loaded: 2 cursed weapon(s).
19/10/2024 10:36:54,588  INFO ItemsAutoDestroy:39 - Initializing ItemsAutoDestroy.
19/10/2024 10:36:54,589  INFO Util:121 - ==========================================================-[ Manor ]
19/10/2024 10:36:54,591  INFO L2Manor:393 - ManorManager: Loaded 256 seeds
19/10/2024 10:36:54,593  INFO CastleManorManager:59 - Initializing CastleManorManager
19/10/2024 10:36:54,612  INFO CastleManorManager:225 - Castle Rune seed production loaded
19/10/2024 10:36:54,613  INFO CastleManorManager:260 - Castle Rune procure loaded
19/10/2024 10:36:54,614  INFO Util:121 - ========================================================-[ Castles ]
19/10/2024 10:36:54,615  INFO SiegeManager:179 - Initializing SiegeManager
19/10/2024 10:36:54,617  INFO FortSiegeManager:164 - Initializing FortSiegeManager
19/10/2024 10:36:54,619  INFO Util:121 - ===========================================================-[ Boat ]
19/10/2024 10:36:54,619  INFO BoatManager:33 - Initializing BoatManager
19/10/2024 10:36:54,625  INFO Util:121 - ==========================================================-[ Doors ]
19/10/2024 10:36:54,626  INFO DoorTable:70 - Searching clan halls doors:
19/10/2024 10:36:54,661  INFO DoorTable:97 - DoorTable: Loaded 1001 Door Templates.
19/10/2024 10:36:54,662  INFO Util:121 - ================================================-[ Four Sepulchers ]
19/10/2024 10:36:54,725  INFO GrandBossManager:328 - FourSepulchersManager: Beginning in Attack time
19/10/2024 10:36:54,726  INFO Util:121 - ====================================================-[ Seven Signs ]
19/10/2024 10:36:54,756  INFO SevenSigns:182 - SevenSigns: Currently in the Seal Validation period!
19/10/2024 10:36:54,757  INFO SevenSigns:1344 - SevenSigns: The Seal of Avarice remains unclaimed.
19/10/2024 10:36:54,758  INFO SevenSigns:1335 - SevenSigns: The Lords of Dawn have won the Seal of Gnosis.
19/10/2024 10:36:54,758  INFO SevenSigns:1344 - SevenSigns: The Seal of Strife remains unclaimed.
19/10/2024 10:36:54,758  INFO SevenSigns:193 - SevenSigns: The Lords of Dawn were victorious last week.
19/10/2024 10:36:54,761  INFO SevenSigns:222 - SevenSigns: Next period begins in 2 days, 7 hours and 23 mins.
19/10/2024 10:36:54,835  INFO SevenSignsFestival:3205 - SevenSignsFestival: Initialization bypassed due to Seal Validation in effect.
19/10/2024 10:36:54,835  INFO Util:121 - ======================================================-[ Olympiads ]
19/10/2024 10:36:54,848  INFO Olympiad:291 - Olympiad cycle: 3
19/10/2024 10:36:54,849  INFO Olympiad:295 - Olympiad period: NORMAL
19/10/2024 10:36:54,849  INFO Olympiad:304 - Olympiad end: Fri 01/11/2024 12:00:00
19/10/2024 10:36:54,850  INFO Olympiad:311 - Olympiad weekly change: Sat 19/10/2024 14:53:37
19/10/2024 10:36:54,851  INFO Olympiad:735 - Olympiad game starts: 18:00:00
19/10/2024 10:36:54,851  INFO Util:121 - =========================================================-[ Heroes ]
19/10/2024 10:36:54,857  INFO Util:121 - ==================================================-[ Access Levels ]
19/10/2024 10:36:54,860  INFO AccessLevels:89 - AccessLevels: User Access Level is 0
19/10/2024 10:36:54,860  INFO AccessLevels:90 - AccessLevels: Master Access Level is 8
19/10/2024 10:36:54,863  INFO AdminCommandAccessRights:65 - AdminCommandAccessRights: Loaded 359
19/10/2024 10:36:54,863  INFO Util:121 - =======================================================-[ Handlers ]
19/10/2024 10:36:54,877  INFO GameServer:141 - ItemHandler: Loaded 2046 handlers.
19/10/2024 10:36:54,890  INFO SkillHandler:103 - SkillHandler: Loaded 76 handlers.
19/10/2024 10:36:54,945  INFO AdminCommandHandler:156 - AdminCommandHandler: Loaded 359 handlers.
19/10/2024 10:36:54,948  INFO GameServer:56 - UserCommandHandler: Loaded 15 handlers.
19/10/2024 10:36:54,949  INFO GameServer:65 - VoicedCommandHandler: Loaded 2 handlers.
19/10/2024 10:36:54,950  INFO GameServer:408 - AutoChatHandler : Loaded 32 handlers in total.
19/10/2024 10:36:54,951  INFO GameServer:409 - AutoSpawnHandler : Loaded 129 handlers in total.
19/10/2024 10:36:54,955  INFO Util:121 - =============================================================-[ AI ]
19/10/2024 10:36:54,958  INFO QuestManager:31 - Initializing QuestManager
19/10/2024 10:36:54,972  INFO GrandBossManager:168 - GrandBossManager: Updated Queen Ant(29001) status to 0
19/10/2024 10:36:54,983  INFO GrandBossManager:168 - GrandBossManager: Updated High Priestess van Halter(29062) status to 1
19/10/2024 10:36:54,993  INFO QuestManager:103 - Replaced quest: Hot Springs with a new version
19/10/2024 10:36:54,994  INFO Util:121 - ========================================================-[ Scripts ]
19/10/2024 10:36:55,640  INFO QuestManager:103 - Replaced quest: SagasSuperclass with a new version
19/10/2024 10:36:57,553  INFO GameServer:468 - Compiled Scripts Cache is disabled.
19/10/2024 10:36:57,553  INFO Util:121 - =========================================================-[ Quests ]
19/10/2024 10:36:57,554  INFO QuestManager:69 - Loaded: 450 quests
19/10/2024 10:36:57,555  INFO Util:121 - ====================================================-[ Game Server ]
19/10/2024 10:36:57,555  INFO GameServer:506 - Maximum players allowed: 1000
19/10/2024 10:36:57,556  INFO GameServer:507 - IdFactory: Free ObjectID's remaining: 1879004893
19/10/2024 10:36:57,557  INFO Util:121 - =============================================-[ EngineMods Scripts ]
19/10/2024 10:36:57,579  INFO StringUtil:154 - -----------------------------------=[ ModsData: Loaded info StatsPlayer -> 0 ]
19/10/2024 10:36:57,597  INFO StringUtil:154 - -------------------------------------=[ ModsData: Loaded info SystemAio -> 0 ]
19/10/2024 10:36:57,611  INFO StringUtil:154 - -------------------------------------=[ ModsData: Loaded info SystemVip -> 0 ]
19/10/2024 10:36:57,622  INFO StringUtil:154 - -----------------------------------=[ ModsData: Loaded info OfflineShop -> 0 ]
19/10/2024 10:36:57,653  INFO StringUtil:154 - ------------------------------=[ ModsData: Loaded info NpcBufferScheme -> 24 ]
19/10/2024 10:36:57,668  INFO StringUtil:154 - --------------------------=[ ModsData: Loaded info NpcVoteRewardHopzone -> 0 ]
19/10/2024 10:36:57,671  INFO StringUtil:154 - --------------------------=[ ModsData: Loaded info NpcVoteRewardNetwork -> 0 ]
19/10/2024 10:36:57,688  INFO StringUtil:154 - --------------------------=[ ModsData: Loaded info NpcVoteRewardTopzone -> 0 ]
19/10/2024 10:36:57,704  INFO StringUtil:154 - ---------------------------=[ ModsData: Loaded info MemoCommunityBoard -> 87 ]
19/10/2024 10:36:57,706  INFO Util:121 - ===================================================-[ Project info ]
19/10/2024 10:36:57,707  INFO GameServer:542 - Your revision: ${l2jfrozen.revision}
19/10/2024 10:36:57,707  INFO GameServer:543 - Your build date: 04-02-2020 07:24:14 PM
19/10/2024 10:36:57,707  INFO Util:121 - ========================================================-[ OS info ]
19/10/2024 10:36:57,709  INFO GameServer:553 - Operating system: Windows 10 10.0 amd64
19/10/2024 10:36:57,710  INFO GameServer:554 - Available CPUs: 12
19/10/2024 10:36:57,712  INFO GameServer:555 - Free memory: 710 MB of 1024 MB
19/10/2024 10:36:57,713  INFO GameServer:556 - Used memory: 313 MB of 1024 MB
19/10/2024 10:36:57,713  INFO Util:121 - ======================================================-[ Java Info ]
19/10/2024 10:36:57,714  INFO GameServer:559 - JRE name: Oracle Corporation
19/10/2024 10:36:57,714  INFO GameServer:560 - JRE version: 21.0.1
19/10/2024 10:36:57,714  INFO GameServer:561 - --- Detecting Java Virtual Machine (JVM)
19/10/2024 10:36:57,715  INFO GameServer:562 - JVM implementation name: Java HotSpot(TM) 64-Bit Server VM
19/10/2024 10:36:57,715  INFO GameServer:563 - JVM installation directory: C:\Program Files\Java\jdk-21
19/10/2024 10:36:57,716  INFO Util:121 - ==========================================================-[ Login ]
19/10/2024 10:36:57,720  INFO LoginServerThread:134 - Connecting to login on 127.0.0.1:9014
19/10/2024 10:36:57,736  INFO LoginServerThread:267 - Registered on login as Server 2 : Sieghardt
19/10/2024 10:37:35,147  INFO ProtocolVersion:25 - Client: [IP: 127.0.0.1] -> Protocol Revision: 65534 is invalid. Minimum is 740 and Maximum is 746 are supported. Closing connection.
19/10/2024 10:37:35,148  WARN ProtocolVersion:26 - Wrong Client Protocol Version 65534
19/10/2024 10:37:41,026  WARN L2Character:8305 - Jager logs in game with AccessLevel 8
19/10/2024 10:42:00,533  WARN L2Character:8305 - Jager logs in game with AccessLevel 8
